This is pdfeTeX, Version 3.141592-1.21a-2.2 (MiKTeX 2.4) (preloaded format=latex 2005.4.20)  18 OCT 2007 13:54
entering extended mode
**CalibrationGuide.tex
(CalibrationGuide.tex
LaTeX2e <2003/12/01>
Babel <v3.8a> and hyphenation patterns for english, french, catalan, spanish, d
umylang, nohyphenation, loaded.
(C:\soft\texmf\tex\latex\base\article.cls
Document Class: article 2004/02/16 v1.4f Standard LaTeX document class
(C:\soft\texmf\tex\latex\base\size10.clo
File: size10.clo 2004/02/16 v1.4f Standard LaTeX file (size option)
)
\c@part=\count79
\c@section=\count80
\c@subsection=\count81
\c@subsubsection=\count82
\c@paragraph=\count83
\c@subparagraph=\count84
\c@figure=\count85
\c@table=\count86
\abovecaptionskip=\skip41
\belowcaptionskip=\skip42
\bibindent=\dimen102
) (C:\soft\texmf\tex\generic\Babel\babel.sty
Package: babel 2004/02/19 v3.8a The Babel package
(C:\soft\texmf\tex\generic\Babel\english.ldf
Language: english 2004/02/19 v3.3m English support from the babel system
(C:\soft\texmf\tex\generic\Babel\babel.def
File: babel.def 2004/02/19 v3.8a Babel common definitions
\babel@savecnt=\count87
\U@D=\dimen103
)
\l@canadian = a dialect from \language\l@english 
)) (C:\soft\localtexmf\tex\latex\Sweave\Sweave.sty
Package: Sweave 
(C:\soft\texmf\tex\latex\base\ifthen.sty
Package: ifthen 2001/05/26 v1.1c Standard LaTeX ifthen package (DPC)
) (C:\soft\texmf\tex\latex\base\fontenc.sty
Package: fontenc 2004/02/22 v1.99f Standard LaTeX package
(C:\soft\texmf\tex\latex\base\t1enc.def
File: t1enc.def 2004/02/22 v1.99f Standard LaTeX file
LaTeX Font Info:    Redeclaring font encoding T1 on input line 43.
)) (C:\soft\texmf\tex\latex\graphics\graphicx.sty
Package: graphicx 1999/02/16 v1.0f Enhanced LaTeX Graphics (DPC,SPQR)
(C:\soft\texmf\tex\latex\graphics\keyval.sty
Package: keyval 1999/03/16 v1.13 key=value parser (DPC)
\KV@toks@=\toks14
) (C:\soft\texmf\tex\latex\graphics\graphics.sty
Package: graphics 2001/07/07 v1.0n Standard LaTeX Graphics (DPC,SPQR)
(C:\soft\texmf\tex\latex\graphics\trig.sty
Package: trig 1999/03/16 v1.09 sin cos tan (DPC)
) (C:\soft\texmf\tex\latex\00miktex\graphics.cfg
File: graphics.cfg 2003/03/12 v1.1 MiKTeX 'graphics' configuration
)
Package graphics Info: Driver file: pdftex.def on input line 80.
(C:\soft\texmf\tex\latex\graphics\pdftex.def
File: pdftex.def 2002/06/19 v0.03k graphics/color for pdftex
\Gread@gobject=\count88
))
\Gin@req@height=\dimen104
\Gin@req@width=\dimen105
) (C:\soft\texmf\tex\latex\ae\ae.sty
Package: ae 2001/02/12 1.3 Almost European Computer Modern
(C:\soft\texmf\tex\latex\base\fontenc.sty
Package: fontenc 2004/02/22 v1.99f Standard LaTeX package
(C:\soft\texmf\tex\latex\base\t1enc.def
File: t1enc.def 2004/02/22 v1.99f Standard LaTeX file
LaTeX Font Info:    Redeclaring font encoding T1 on input line 43.
)
LaTeX Font Info:    Try loading font information for T1+aer on input line 100.
(C:\soft\texmf\tex\latex\ae\t1aer.fd
File: t1aer.fd 1997/11/16 Font definitions for T1/aer.
))) (C:\soft\texmf\tex\latex\fancyvrb\fancyvrb.sty
Package: fancyvrb 1998/07/17
Style option: `fancyvrb' v2.6, with DG/SPQR fixes <1998/07/17> (tvz)
\FV@CodeLineNo=\count89
\FV@InFile=\read1
\FV@TabBox=\box26
\c@FancyVerbLine=\count90
\FV@StepNumber=\count91
\FV@OutFile=\write3
No file fancyvrb.cfg.
) (C:\soft\texmf\tex\latex\upquote\upquote.sty
Package: upquote 2003/08/11 v1.1 Covington's upright-quote modification to verb
atim and verb
(C:\soft\texmf\tex\latex\base\textcomp.sty
Package: textcomp 2004/02/22 v1.99f Standard LaTeX package
Package textcomp Info: Sub-encoding information:
(textcomp)               5 = only ISO-Adobe without \textcurrency
(textcomp)               4 = 5 + \texteuro
(textcomp)               3 = 4 + \textohm
(textcomp)               2 = 3 + \textestimated + \textcurrency
(textcomp)               1 = TS1 - \textcircled - \t
(textcomp)               0 = TS1 (full)
(textcomp)             Font families with sub-encoding setting implement
(textcomp)             only a restricted character set as indicated.
(textcomp)             Family '?' is the default used for unknown fonts.
(textcomp)             See the documentation for details.
Package textcomp Info: Setting ? sub-encoding to TS1/1 on input line 71.
(C:\soft\texmf\tex\latex\base\ts1enc.def
File: ts1enc.def 2001/06/05 v3.0e (jk/car/fm) Standard LaTeX file
)
LaTeX Info: Redefining \oldstylenums on input line 266.
Package textcomp Info: Setting cmr sub-encoding to TS1/0 on input line 281.
Package textcomp Info: Setting cmss sub-encoding to TS1/0 on input line 282.
Package textcomp Info: Setting cmtt sub-encoding to TS1/0 on input line 283.
Package textcomp Info: Setting cmvtt sub-encoding to TS1/0 on input line 284.
Package textcomp Info: Setting cmbr sub-encoding to TS1/0 on input line 285.
Package textcomp Info: Setting cmtl sub-encoding to TS1/0 on input line 286.
Package textcomp Info: Setting ccr sub-encoding to TS1/0 on input line 287.
Package textcomp Info: Setting ptm sub-encoding to TS1/4 on input line 288.
Package textcomp Info: Setting pcr sub-encoding to TS1/4 on input line 289.
Package textcomp Info: Setting phv sub-encoding to TS1/4 on input line 290.
Package textcomp Info: Setting ppl sub-encoding to TS1/3 on input line 291.
Package textcomp Info: Setting pag sub-encoding to TS1/4 on input line 292.
Package textcomp Info: Setting pbk sub-encoding to TS1/4 on input line 293.
Package textcomp Info: Setting pnc sub-encoding to TS1/4 on input line 294.
Package textcomp Info: Setting pzc sub-encoding to TS1/4 on input line 295.
Package textcomp Info: Setting bch sub-encoding to TS1/4 on input line 296.
Package textcomp Info: Setting put sub-encoding to TS1/5 on input line 297.
Package textcomp Info: Setting uag sub-encoding to TS1/5 on input line 298.
Package textcomp Info: Setting ugq sub-encoding to TS1/5 on input line 299.
Package textcomp Info: Setting ul8 sub-encoding to TS1/4 on input line 300.
Package textcomp Info: Setting ul9 sub-encoding to TS1/4 on input line 301.
Package textcomp Info: Setting augie sub-encoding to TS1/5 on input line 302.
Package textcomp Info: Setting dayrom sub-encoding to TS1/3 on input line 303.
Package textcomp Info: Setting dayroms sub-encoding to TS1/3 on input line 304.

Package textcomp Info: Setting pxr sub-encoding to TS1/0 on input line 305.
Package textcomp Info: Setting pxss sub-encoding to TS1/0 on input line 306.
Package textcomp Info: Setting pxtt sub-encoding to TS1/0 on input line 307.
Package textcomp Info: Setting txr sub-encoding to TS1/0 on input line 308.
Package textcomp Info: Setting txss sub-encoding to TS1/0 on input line 309.
Package textcomp Info: Setting txtt sub-encoding to TS1/0 on input line 310.
Package textcomp Info: Setting futs sub-encoding to TS1/4 on input line 311.
Package textcomp Info: Setting futx sub-encoding to TS1/4 on input line 312.
Package textcomp Info: Setting futj sub-encoding to TS1/4 on input line 313.
Package textcomp Info: Setting hlh sub-encoding to TS1/3 on input line 314.
Package textcomp Info: Setting hls sub-encoding to TS1/3 on input line 315.
Package textcomp Info: Setting hlst sub-encoding to TS1/3 on input line 316.
Package textcomp Info: Setting hlct sub-encoding to TS1/5 on input line 317.
Package textcomp Info: Setting hlx sub-encoding to TS1/5 on input line 318.
Package textcomp Info: Setting hlce sub-encoding to TS1/5 on input line 319.
Package textcomp Info: Setting hlcn sub-encoding to TS1/5 on input line 320.
Package textcomp Info: Setting hlcw sub-encoding to TS1/5 on input line 321.
Package textcomp Info: Setting hlcf sub-encoding to TS1/5 on input line 322.
Package textcomp Info: Setting pplx sub-encoding to TS1/3 on input line 323.
Package textcomp Info: Setting pplj sub-encoding to TS1/3 on input line 324.
Package textcomp Info: Setting ptmx sub-encoding to TS1/4 on input line 325.
Package textcomp Info: Setting ptmj sub-encoding to TS1/4 on input line 326.
))) (C:\soft\localtexmf\tex\latex\Rd\Rd.sty
Package: Rd 
(C:\soft\texmf\tex\latex\tools\longtable.sty
Package: longtable 2004/02/01 v4.11 Multi-page Table package (DPC)
\LTleft=\skip43
\LTright=\skip44
\LTpre=\skip45
\LTpost=\skip46
\LTchunksize=\count92
\LTcapwidth=\dimen106
\LT@head=\box27
\LT@firsthead=\box28
\LT@foot=\box29
\LT@lastfoot=\box30
\LT@cols=\count93
\LT@rows=\count94
\c@LT@tables=\count95
\c@LT@chunks=\count96
\LT@p@ftn=\toks15
) (C:\soft\texmf\tex\latex\tools\bm.sty
Package: bm 2004/02/26 v1.1c Bold Symbol Support (DPC/FMi)
\symboldoperators=\mathgroup4
\symboldletters=\mathgroup5
\symboldsymbols=\mathgroup6
LaTeX Font Info:    Redeclaring math alphabet \mathbf on input line 137.
LaTeX Info: Redefining \bm on input line 203.
) (C:\soft\texmf\tex\latex\base\alltt.sty
Package: alltt 1997/06/16 v2.0g defines alltt environment
) (C:\soft\texmf\tex\latex\tools\verbatim.sty
Package: verbatim 2003/08/22 v1.5q LaTeX2e package for verbatim enhancements
\every@verbatim=\toks16
\verbatim@line=\toks17
\verbatim@in@stream=\read2
) (C:\soft\texmf\tex\latex\ltxmisc\url.sty
\Urlmuskip=\muskip10
Package: url 2004/03/15  ver 3.1  Verb mode for urls, etc.
)
\ldescriptionwidth=\skip47
NOT loading ae NOT loading times NOT loading lmodern) (C:\soft\texmf\tex\latex\
hyperref\hyperref.sty
Package: hyperref 2003/11/30 v6.74m Hypertext links for LaTeX
\@linkdim=\dimen107
\Hy@linkcounter=\count97
\Hy@pagecounter=\count98
(C:\soft\texmf\tex\latex\hyperref\pd1enc.def
File: pd1enc.def 2003/11/30 v6.74m Hyperref: PDFDocEncoding definition (HO)
) (C:\soft\texmf\tex\latex\00miktex\hyperref.cfg
File: hyperref.cfg 2003/03/08 v1.0 MiKTeX 'hyperref' configuration
)
Package hyperref Info: Hyper figures OFF on input line 1880.
Package hyperref Info: Link nesting OFF on input line 1885.
Package hyperref Info: Hyper index ON on input line 1888.
Package hyperref Info: Plain pages ON on input line 1893.
Package hyperref Info: Backreferencing OFF on input line 1900.
Implicit mode ON; LaTeX internals redefined
Package hyperref Info: Bookmarks ON on input line 2004.
LaTeX Info: Redefining \href on input line 2130.
LaTeX Info: Redefining \url on input line 2143.
\Fld@menulength=\count99
\Field@Width=\dimen108
\Fld@charsize=\dimen109
\Choice@toks=\toks18
\Field@toks=\toks19
Package hyperref Info: Hyper figures OFF on input line 2618.
Package hyperref Info: Link nesting OFF on input line 2623.
Package hyperref Info: Hyper index ON on input line 2626.
Package hyperref Info: backreferencing OFF on input line 2633.
Package hyperref Info: Link coloring OFF on input line 2638.
\c@Item=\count100
\c@Hfootnote=\count101
)
*hyperref using default driver hpdftex*
(C:\soft\texmf\tex\latex\hyperref\hpdftex.def
File: hpdftex.def 2003/11/30 v6.74m Hyperref driver for pdfTeX
(C:\soft\texmf\tex\latex\psnfss\pifont.sty
Package: pifont 2004/09/15 PSNFSS-v9.2 Pi font support (SPQR) 
LaTeX Font Info:    Try loading font information for U+pzd on input line 63.
(C:\soft\texmf\tex\latex\psnfss\upzd.fd
File: upzd.fd 2001/06/04 font definitions for U/pzd.
)
LaTeX Font Info:    Try loading font information for U+psy on input line 64.
(C:\soft\texmf\tex\latex\psnfss\upsy.fd
File: upsy.fd 2001/06/04 font definitions for U/psy.
))
\Fld@listcount=\count102
\@outlinefile=\write4
) (C:\soft\localtexmf\tex\latex\astron\astron.sty
\bibhang=\skip48
) (C:\soft\texmf\tex\latex\ltxmisc\wrapfig.sty
\wrapoverhang=\dimen110
\WF@size=\dimen111
\c@WF@wrappedlines=\count103
\WF@box=\box31
\WF@everypar=\toks20
Package: wrapfig 1999/10/12  v 3.3
) (CalibrationGuide.aux)
LaTeX Font Info:    Checking defaults for OML/cmm/m/it on input line 19.
LaTeX Font Info:    ... okay on input line 19.
LaTeX Font Info:    Checking defaults for T1/cmr/m/n on input line 19.
LaTeX Font Info:    ... okay on input line 19.
LaTeX Font Info:    Checking defaults for OT1/cmr/m/n on input line 19.
LaTeX Font Info:    ... okay on input line 19.
LaTeX Font Info:    Checking defaults for OMS/cmsy/m/n on input line 19.
LaTeX Font Info:    ... okay on input line 19.
LaTeX Font Info:    Checking defaults for OMX/cmex/m/n on input line 19.
LaTeX Font Info:    ... okay on input line 19.
LaTeX Font Info:    Checking defaults for U/cmr/m/n on input line 19.
LaTeX Font Info:    ... okay on input line 19.
LaTeX Font Info:    Checking defaults for TS1/cmr/m/n on input line 19.
LaTeX Font Info:    Try loading font information for TS1+cmr on input line 19.
(C:\soft\texmf\tex\latex\base\ts1cmr.fd
File: ts1cmr.fd 1999/05/25 v2.5h Standard LaTeX font definitions
)
LaTeX Font Info:    ... okay on input line 19.
LaTeX Font Info:    Checking defaults for PD1/pdf/m/n on input line 19.
LaTeX Font Info:    ... okay on input line 19.
(C:\soft\texmf\tex\context\base\supp-pdf.tex (C:\soft\texmf\tex\context\base\su
pp-mis.tex
loading : Context Support Macros / Miscellaneous (2004.10.26)
\protectiondepth=\count104
\scratchcounter=\count105
\scratchtoks=\toks21
\scratchdimen=\dimen112
\scratchskip=\skip49
\scratchmuskip=\muskip11
\scratchbox=\box32
\scratchread=\read3
\scratchwrite=\write5
\zeropoint=\dimen113
\onepoint=\dimen114
\onebasepoint=\dimen115
\minusone=\count106
\thousandpoint=\dimen116
\onerealpoint=\dimen117
\emptytoks=\toks22
\nextbox=\box33
\nextdepth=\dimen118
\everyline=\toks23
\!!counta=\count107
\!!countb=\count108
\recursecounter=\count109
)
loading : Context Support Macros / PDF (2004.03.26)
\nofMPsegments=\count110
\nofMParguments=\count111
\MPscratchCnt=\count112
\MPscratchDim=\dimen119
\MPnumerator=\count113
\everyMPtoPDFconversion=\toks24
)
Package hyperref Info: Link coloring OFF on input line 19.
(C:\soft\texmf\tex\latex\hyperref\nameref.sty
Package: nameref 2003/12/03 v2.21 Cross-referencing by name of section
\c@section@level=\count114
)
LaTeX Info: Redefining \ref on input line 19.
LaTeX Info: Redefining \pageref on input line 19.
(CalibrationGuide.out) (CalibrationGuide.out) (/graffel/latex/defs.tex)
LaTeX Font Info:    Try loading font information for T1+aess on input line 24.
(C:\soft\texmf\tex\latex\ae\t1aess.fd
File: t1aess.fd 1997/11/16 Font definitions for T1/aess.
)
LaTeX Font Info:    Try loading font information for T1+aett on input line 42.
(C:\soft\texmf\tex\latex\ae\t1aett.fd
File: t1aett.fd 1997/11/16 Font definitions for T1/aett.
)
LaTeX Font Info:    External font `cmex10' loaded for size
(Font)              <7> on input line 44.
LaTeX Font Info:    External font `cmex10' loaded for size
(Font)              <5> on input line 44.

Underfull \hbox (badness 10000) in paragraph at lines 40--54

 []


Underfull \hbox (badness 10000) in paragraph at lines 55--64

 []


Underfull \hbox (badness 10000) in paragraph at lines 65--69

 []

[1

{psfonts.map}
Non-PDF special ignored!
Non-PDF special ignored!] <CalibrationGuide-004.pdf, id=91, 433.62pt x 433.62pt
>
File: CalibrationGuide-004.pdf Graphic file (type pdf)
<use CalibrationGuide-004.pdf> [2] <CalibrationGuide-005.pdf, id=100, 433.62pt 
x 433.62pt>
File: CalibrationGuide-005.pdf Graphic file (type pdf)
<use CalibrationGuide-005.pdf> [3 <CalibrationGuide-004.pdf>] [4 <CalibrationGu
ide-005.pdf>] <CalibrationGuide-006.pdf, id=119, 433.62pt x 433.62pt>
File: CalibrationGuide-006.pdf Graphic file (type pdf)
<use CalibrationGuide-006.pdf> [5 <CalibrationGuide-006.pdf>] <CalibrationGuide
-007.pdf, id=132, 433.62pt x 433.62pt>
File: CalibrationGuide-007.pdf Graphic file (type pdf)
<use CalibrationGuide-007.pdf> [6] [7 <CalibrationGuide-007.pdf>] <CalibrationG
uide-008.pdf, id=148, 433.62pt x 433.62pt>
File: CalibrationGuide-008.pdf Graphic file (type pdf)
<use CalibrationGuide-008.pdf> [8

] [9 <CalibrationGuide-008.pdf>] <CalibrationGuide-009.pdf, id=164, 433.62pt x 
433.62pt>
File: CalibrationGuide-009.pdf Graphic file (type pdf)
<use CalibrationGuide-009.pdf> [10] [11 <CalibrationGuide-009.pdf>] <Calibratio
nGuide-010.pdf, id=178, 433.62pt x 433.62pt>
File: CalibrationGuide-010.pdf Graphic file (type pdf)
<use CalibrationGuide-010.pdf> [12] [13 <CalibrationGuide-010.pdf>] <Calibratio
nGuide-011.pdf, id=193, 433.62pt x 433.62pt>
File: CalibrationGuide-011.pdf Graphic file (type pdf)
<use CalibrationGuide-011.pdf> [14] [15 <CalibrationGuide-011.pdf>] [16] <Calib
rationGuide-013.pdf, id=217, 433.62pt x 433.62pt>
File: CalibrationGuide-013.pdf Graphic file (type pdf)
<use CalibrationGuide-013.pdf> [17]
Overfull \hbox (15.6404pt too wide) in paragraph at lines 619--624
[]\T1/aer/m/n/10 Because the cal-i-bra-tion is done by weighted least squares, 
a di-ag-o-nal ma-trix of weights (\T1/aett/m/n/10 weights=Dr\T1/aer/m/n/10 )
 []

[18 <CalibrationGuide-013.pdf>] <CalibrationGuide-014.pdf, id=240, 433.62pt x 4
33.62pt>
File: CalibrationGuide-014.pdf Graphic file (type pdf)
<use CalibrationGuide-014.pdf> [19] [20 <CalibrationGuide-014.pdf>] <Calibratio
nGuide-015.pdf, id=255, 433.62pt x 433.62pt>
File: CalibrationGuide-015.pdf Graphic file (type pdf)
<use CalibrationGuide-015.pdf> [21 <CalibrationGuide-015.pdf>] <CalibrationGuid
e-016.pdf, id=265, 433.62pt x 433.62pt>
File: CalibrationGuide-016.pdf Graphic file (type pdf)
<use CalibrationGuide-016.pdf> [22] [23 <CalibrationGuide-016.pdf>] <Calibratio
nGuide-017.pdf, id=282, 433.62pt x 433.62pt>
File: CalibrationGuide-017.pdf Graphic file (type pdf)
<use CalibrationGuide-017.pdf> [24] [25 <CalibrationGuide-017.pdf>] [26] (Calib
rationGuide.aux) ) 
Here is how much of TeX's memory you used:
 4891 strings out of 95475
 61076 string characters out of 1188964
 110780 words of memory out of 1111456
 7634 multiletter control sequences out of 60000
 33053 words of font info for 66 fonts, out of 500000 for 1000
 40 hyphenation exceptions out of 607
 35i,9n,36p,263b,330s stack positions out of 1500i,500n,5000p,200000b,32768s
PDF statistics:
 308 PDF objects out of 300000
 55 named destinations out of 300000
 154 words of extra memory for PDF output out of 65536
<C:\soft\texmf\fonts\type1\bluesky\cm\cmmi7.pfb><C:\soft\texm
f\fonts\type1\bluesky\cm\cmsy10.pfb><C:\soft\texmf\fonts\type1\bluesky\cm\cmr7.
pfb><C:\soft\texmf\fonts\type1\bluesky\cm\cmsltt10.pfb><C:\soft\texmf\fonts\typ
e1\bluesky\cm\cmbx10.pfb><C:\soft\texmf\fonts\type1\bluesky\cm\cmti10.pfb><C:\s
oft\texmf\fonts\type1\bluesky\cm\cmmi10.pfb><C:\soft\texmf\fonts\type1\bluesky\
cm\cmtt10.pfb><C:\soft\texmf\fonts\type1\bluesky\cm\cmr10.pfb><C:\soft\texmf\fo
nts\type1\bluesky\cm\cmcsc10.pfb><C:\soft\texmf\fonts\type1\bluesky\cm\cmti12.p
fb><C:\soft\texmf\fonts\type1\bluesky\cm\cmr12.pfb><C:\soft\texmf\fonts\type1\b
luesky\cm\cmbx12.pfb>
Output written on CalibrationGuide.pdf (26 pages, 258410 bytes).
